
Showing logs for build [32mcb-kubecd-environment-pr-172-21-d4v85-1[0m stage [32mfrom-build-pack[0m and container [32mstep-credential-initializer-x2hs5[0m
{"level":"warn","ts":1583242853.9464054,"logger":"fallback-logger","caller":"logging/config.go:69","msg":"Fetch GitHub commit ID from kodata failed: \"ref: refs/heads/0.8.0-**-support-backwards-incompats\" is not a valid GitHub commit ID"}
{"level":"info","ts":1583242853.9475586,"logger":"fallback-logger","caller":"creds-init/main.go:40","msg":"Credentials initialized."}

Showing logs for build [32mcb-kubecd-environment-pr-172-21-d4v85-1[0m stage [32mfrom-build-pack[0m and container [32mstep-working-dir-initializer-k6gcl[0m
{"level":"warn","ts":1583242855.011688,"logger":"fallback-logger","caller":"logging/config.go:69","msg":"Fetch GitHub commit ID from kodata failed: open /var/run/ko/HEAD: no such file or directory"}
{"level":"info","ts":1583242855.0136845,"logger":"fallback-logger","caller":"bash/main.go:64","msg":"Successfully executed command \"sh -c mkdir -p /workspace/source\"; output "}

Showing logs for build [32mcb-kubecd-environment-pr-172-21-d4v85-1[0m stage [32mfrom-build-pack[0m and container [32mstep-place-tools[0m

Showing logs for build [32mcb-kubecd-environment-pr-172-21-d4v85-1[0m stage [32mfrom-build-pack[0m and container [32mstep-git-source-cb-kubecd-environment-pr-172-21-d4v85-rrswq[0m
{"level":"warn","ts":1583242860.2444773,"logger":"fallback-logger","caller":"logging/config.go:69","msg":"Fetch GitHub commit ID from kodata failed: \"ref: refs/heads/0.8.0-**-support-backwards-incompats\" is not a valid GitHub commit ID"}
{"level":"info","ts":1583242861.3747692,"logger":"fallback-logger","caller":"git/git.go:103","msg":"Successfully cloned https://github.com/cb-kubecd/environment-pr-172-21-boot-gke-staging.git @ master in path /workspace/source"}

Showing logs for build [32mcb-kubecd-environment-pr-172-21-d4v85-1[0m stage [32mfrom-build-pack[0m and container [32mstep-git-merge[0m
Using SHAs from PULL_REFS=master:5113a551ddc39cacd6b2c9b669e73baa3fef9dc9,7:736a5843db4315af44ffadb8b16c8a49171352db
DEBUG: LC_ALL=C JX_LOG_LEVEL=error git fetch origin --unshallow 736a5843db4315af44ffadb8b16c8a49171352db: 5113a551ddc39cacd6b2c9b669e73baa3fef9dc9:
DEBUG: ran git fetch --unshallow origin 736a5843db4315af44ffadb8b16c8a49171352db: 5113a551ddc39cacd6b2c9b669e73baa3fef9dc9: in 
DEBUG: JX_LOG_LEVEL=error LC_ALL=C git branch
DEBUG: LC_ALL=C JX_LOG_LEVEL=error git checkout master
DEBUG: ran git checkout master in 
DEBUG: LC_ALL=C JX_LOG_LEVEL=error git reset --hard 5113a551ddc39cacd6b2c9b669e73baa3fef9dc9
DEBUG: ran git reset --hard 5113a551ddc39cacd6b2c9b669e73baa3fef9dc9 in 
DEBUG: LC_ALL=C JX_LOG_LEVEL=error git clean -fd .
DEBUG: ran clean --force -d . in 
DEBUG: LC_ALL=C JX_LOG_LEVEL=error git merge 736a5843db4315af44ffadb8b16c8a49171352db
DEBUG: ran git merge 736a5843db4315af44ffadb8b16c8a49171352db in 
DEBUG: LC_ALL=C JX_LOG_LEVEL=error git log --format=%H%x1f%an%x1f%ae%x1f%cn%x1f%ce%x1f%s%n%b%x1e 5113a551ddc39cacd6b2c9b669e73baa3fef9dc9..HEAD
Merged SHA 736a5843db4315af44ffadb8b16c8a49171352db with commit message 'chore: Promote bdd-nh-import-1583241399 to version 0.0.1' into base branch master

Showing logs for build [32mcb-kubecd-environment-pr-172-21-d4v85-1[0m stage [32mfrom-build-pack[0m and container [32mstep-build-helm-build[0m
WARNING: No $CHART_REPOSITORY defined so using the default value of: http://jenkins-x-chartmuseum:8080
Adding missing Helm repo: storage.googleapis.com https://storage.googleapis.com/chartmuseum.jenkins-x.io
WARNING: No secrets found on "helm/repos" due: reading the secret "helm/repos" from vault: no secret "helm/repos" not found in vault
Read credentials for https://storage.googleapis.com/chartmuseum.jenkins-x.io from vault helm/repos
Successfully added Helm repository storage.googleapis.com.
Adding missing Helm repo: jenkins-x-chartmuseum http://jenkins-x-chartmuseum:8080
WARNING: No secrets found on "helm/repos" due: reading the secret "helm/repos" from vault: no secret "helm/repos" not found in vault
Read credentials for http://jenkins-x-chartmuseum:8080 from vault helm/repos
Successfully added Helm repository jenkins-x-chartmuseum.
WARNING: No $CHART_REPOSITORY defined so using the default value of: http://jenkins-x-chartmuseum:8080
Adding missing Helm repo: chartmuseum.jenkins-x.io http://chartmuseum.jenkins-x.io
WARNING: No secrets found on "helm/repos" due: reading the secret "helm/repos" from vault: no secret "helm/repos" not found in vault
Read credentials for http://chartmuseum.jenkins-x.io from vault helm/repos
Successfully added Helm repository chartmuseum.jenkins-x.io.
